<?xml version="1.0" encoding="UTF-8"?>
<!-- Generated by org.testng.reporters.JUnitReportReporter -->
<testsuite skipped="0" hostname="DESKTOP-244UBO0" name="com.testcases.LoginPageTestTDD" tests="2" failures="0" timestamp="2021-11-23T09:56:43 IST" time="0.023" errors="0">
  <testcase name="validateLoginTest" time="0.015" classname="com.testcases.LoginPageTestTDD"/>
  <system-out/>
  <testcase name="validateLoginTest" time="0.008" classname="com.testcases.LoginPageTestTDD"/>
  <system-out/>
</testsuite> <!-- com.testcases.LoginPageTestTDD -->
